[debug] [2024-04-02T16:02:00.402Z] ----------------------------------------------------------------------
[debug] [2024-04-02T16:02:00.406Z] Command:       C:\Program Files\nodejs\node.exe C:\Users\miche\AppData\Roaming\npm\node_modules\firebase-tools\lib\bin\firebase.js init
[debug] [2024-04-02T16:02:00.406Z] CLI Version:   13.6.0
[debug] [2024-04-02T16:02:00.407Z] Platform:      win32
[debug] [2024-04-02T16:02:00.407Z] Node Version:  v21.6.2
[debug] [2024-04-02T16:02:00.407Z] Time:          Tue Apr 02 2024 13:02:00 GMT-0300 (Horário Padrão de Brasília)
[debug] [2024-04-02T16:02:00.408Z] ----------------------------------------------------------------------
[debug] 
[debug] [2024-04-02T16:02:00.421Z] > command requires scopes: ["email","openid","https://www.googleapis.com/auth/cloudplatformprojects.readonly","https://www.googleapis.com/auth/firebase","https://www.googleapis.com/auth/cloud-platform"]
[debug] [2024-04-02T16:02:00.421Z] > authorizing via signed-in user (michellepmoraisdev@gmail.com)
[info] 
     ######## #### ########  ######## ########     ###     ######  ########
     ##        ##  ##     ## ##       ##     ##  ##   ##  ##       ##
     ######    ##  ########  ######   ########  #########  ######  ######
     ##        ##  ##    ##  ##       ##     ## ##     ##       ## ##
     ##       #### ##     ## ######## ########  ##     ##  ######  ########

You're about to initialize a Firebase project in this directory:

  C:\Users\miche\OneDrive\Área de Trabalho\Openskillnext\openskill

[info] 
=== Project Setup
[info] 
[info] First, let's associate this project directory with a Firebase project.
[info] You can create multiple project aliases by running firebase use --add, 
[info] but for now we'll just set up a default project.
[info] 
[debug] [2024-04-02T16:02:17.404Z] > refreshing access token with scopes: []
[debug] [2024-04-02T16:02:17.407Z] >>> [apiv2][query] POST https://www.googleapis.com/oauth2/v3/token [none]
[debug] [2024-04-02T16:02:17.407Z] >>> [apiv2][body] POST https://www.googleapis.com/oauth2/v3/token [omitted]
[debug] [2024-04-02T16:02:17.737Z] <<< [apiv2][status] POST https://www.googleapis.com/oauth2/v3/token 200
[debug] [2024-04-02T16:02:17.738Z] <<< [apiv2][body] POST https://www.googleapis.com/oauth2/v3/token [omitted]
[debug] [2024-04-02T16:02:17.747Z] >>> [apiv2][query] GET https://firebase.googleapis.com/v1beta1/projects pageSize=100
[debug] [2024-04-02T16:02:18.530Z] <<< [apiv2][status] GET https://firebase.googleapis.com/v1beta1/projects 200
[debug] [2024-04-02T16:02:18.530Z] <<< [apiv2][body] GET https://firebase.googleapis.com/v1beta1/projects [omitted]
[info] i  Using project openskill-5b20d (Openskill) 
[info] 
=== Hosting Setup
[debug] [2024-04-02T16:02:29.306Z] >>> [apiv2][query] GET https://firebase.googleapis.com/v1beta1/projects/openskill-5b20d [none]
[debug] [2024-04-02T16:02:29.735Z] <<< [apiv2][status] GET https://firebase.googleapis.com/v1beta1/projects/openskill-5b20d 200
[debug] [2024-04-02T16:02:29.735Z] <<< [apiv2][body] GET https://firebase.googleapis.com/v1beta1/projects/openskill-5b20d {"projectId":"openskill-5b20d","projectNumber":"1060347525039","displayName":"Openskill","name":"projects/openskill-5b20d","resources":{"hostingSite":"openskill-5b20d"},"state":"ACTIVE","etag":"1_82b5f230-c5fb-42d7-8901-816cea5ebd93"}
[info] 
[info] Your public directory is the folder (relative to your project directory) that
[info] will contain Hosting assets to be uploaded with firebase deploy. If you
[info] have a build process for your assets, use your build's output directory.
[info] 
[debug] [2024-04-02T16:02:43.715Z] >>> [apiv2][query] GET https://www.gstatic.com/firebasejs/releases.json [none]
[debug] [2024-04-02T16:02:43.855Z] <<< [apiv2][status] GET https://www.gstatic.com/firebasejs/releases.json 200
[debug] [2024-04-02T16:02:43.855Z] <<< [apiv2][body] GET https://www.gstatic.com/firebasejs/releases.json {"current":{"version":"10.10.0","browserURL":"https://www.gstatic.com/firebasejs/10.10.0/firebase.js","packageURL":"https://www.gstatic.com/firebasejs/10.10.0/firebase.tgz"},"live":{"version":"10.10","browserURL":"https://www.gstatic.com/firebasejs/live/10.10/firebase.js","packageURL":"https://www.gstatic.com/firebasejs/live/10.10/firebase.tgz"},"components":{"analytics":"https://www.gstatic.com/firebasejs/10.10.0/firebase-analytics.js","app":"https://www.gstatic.com/firebasejs/10.10.0/firebase-app.js","app-check":"https://www.gstatic.com/firebasejs/10.10.0/firebase-app-check.js","auth":"https://www.gstatic.com/firebasejs/10.10.0/firebase-auth.js","auth/cordova":"https://www.gstatic.com/firebasejs/10.10.0/firebase-auth/cordova.js","auth/web-extension":"https://www.gstatic.com/firebasejs/10.10.0/firebase-auth/web-extension.js","functions":"https://www.gstatic.com/firebasejs/10.10.0/firebase-functions.js","firestore":"https://www.gstatic.com/firebasejs/10.10.0/firebase-firestore.js","firestore/lite":"https://www.gstatic.com/firebasejs/10.10.0/firebase-firestore/lite.js","installations":"https://www.gstatic.com/firebasejs/10.10.0/firebase-installations.js","storage":"https://www.gstatic.com/firebasejs/10.10.0/firebase-storage.js","performance":"https://www.gstatic.com/firebasejs/10.10.0/firebase-performance.js","remote-config":"https://www.gstatic.com/firebasejs/10.10.0/firebase-remote-config.js","messaging":"https://www.gstatic.com/firebasejs/10.10.0/firebase-messaging.js","messaging/sw":"https://www.gstatic.com/firebasejs/10.10.0/firebase-messaging/sw.js","database":"https://www.gstatic.com/firebasejs/10.10.0/firebase-database.js","firestore.memory":"https://www.gstatic.com/firebasejs/10.10.0/firebase-firestore.memory.js"}}
[info] +  Wrote public/index.html 
[info] 
[info] i  Detected a .git folder at C:\Users\miche\OneDrive\Área de Trabalho\Openskillnext\openskill 
[info] i  Authorizing with GitHub to upload your service account to a GitHub repository's secrets store. 
[info] 
[info] Visit this URL on this device to log in:
[info] https://github.com/login/oauth/authorize?client_id=89cf50f02ac6aaed3484&state=335815073&redirect_uri=http%3A%2F%2Flocalhost%3A9005&scope=read%3Auser%20repo%20public_repo
[info] 
[info] Waiting for authentication...
[debug] [2024-04-02T16:02:48.183Z] >>> [apiv2][query] POST https://github.com/login/oauth/access_token [none]
[debug] [2024-04-02T16:02:48.184Z] >>> [apiv2][body] POST https://github.com/login/oauth/access_token [stream]
[debug] [2024-04-02T16:02:48.550Z] <<< [apiv2][status] POST https://github.com/login/oauth/access_token 200
[debug] [2024-04-02T16:02:48.550Z] <<< [apiv2][body] POST https://github.com/login/oauth/access_token {"access_token":"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","token_type":"bearer","scope":"read:user,repo"}
[debug] [2024-04-02T16:02:48.561Z] >>> [apiv2][query] GET https://api.github.com/user [none]
[debug] [2024-04-02T16:02:48.900Z] <<< [apiv2][status] GET https://api.github.com/user 200
[debug] [2024-04-02T16:02:48.900Z] <<< [apiv2][body] GET https://api.github.com/user {"login":"MichellepMorais","id":164892333,"node_id":"U_kgDOCdQOrQ","avatar_url":"https://avatars.githubusercontent.com/u/164892333?v=4","gravatar_id":"","url":"https://api.github.com/users/MichellepMorais","html_url":"https://github.com/MichellepMorais","followers_url":"https://api.github.com/users/MichellepMorais/followers","following_url":"https://api.github.com/users/MichellepMorais/following{/other_user}","gists_url":"https://api.github.com/users/MichellepMorais/gists{/gist_id}","starred_url":"https://api.github.com/users/MichellepMorais/starred{/owner}{/repo}","subscriptions_url":"https://api.github.com/users/MichellepMorais/subscriptions","organizations_url":"https://api.github.com/users/MichellepMorais/orgs","repos_url":"https://api.github.com/users/MichellepMorais/repos","events_url":"https://api.github.com/users/MichellepMorais/events{/privacy}","received_events_url":"https://api.github.com/users/MichellepMorais/received_events","type":"User","site_admin":false,"name":null,"company":null,"blog":"","location":null,"email":null,"hireable":null,"bio":null,"twitter_username":null,"public_repos":0,"public_gists":0,"followers":0,"following":0,"created_at":"2024-03-25T13:47:59Z","updated_at":"2024-04-02T15:39:19Z","private_gists":0,"total_private_repos":0,"owned_private_repos":0,"disk_usage":0,"collaborators":0,"two_factor_authentication":false,"plan":{"name":"free","space":976562499,"collaborators":0,"private_repos":10000}}
[info] 
[info] +  Success! Logged into GitHub as MichellepMorais 
[info] 
[debug] [2024-04-02T16:04:37.425Z] >>> [apiv2][query] GET https://api.github.com/repos/MichelleMorais1118/oopenskill/actions/secrets/public-key type=owner
[debug] [2024-04-02T16:04:37.740Z] <<< [apiv2][status] GET https://api.github.com/repos/MichelleMorais1118/oopenskill/actions/secrets/public-key 403
[debug] [2024-04-02T16:04:37.741Z] <<< [apiv2][body] GET https://api.github.com/repos/MichelleMorais1118/oopenskill/actions/secrets/public-key {"message":"Must have admin rights to Repository.","documentation_url":"https://docs.github.com/rest/actions/secrets#get-a-repository-public-key"}
[info] 
[info] 
[error] !  The provided authorization cannot be used with this repository. If this repository is in an organization, did you remember to grant access? 
[info] 
[info] i  Action required: Visit this URL to ensure access has been granted to the appropriate organization(s) for the Firebase CLI GitHub OAuth App: 
[info] https://github.com/settings/connections/applications/89cf50f02ac6aaed3484
[info] 
[debug] [2024-04-02T16:04:55.344Z] >>> [apiv2][query] GET https://api.github.com/repos/MichelleMorais1118/oopenskill/actions/secrets/public-key type=owner
[debug] [2024-04-02T16:04:55.626Z] <<< [apiv2][status] GET https://api.github.com/repos/MichelleMorais1118/oopenskill/actions/secrets/public-key 403
[debug] [2024-04-02T16:04:55.626Z] <<< [apiv2][body] GET https://api.github.com/repos/MichelleMorais1118/oopenskill/actions/secrets/public-key {"message":"Must have admin rights to Repository.","documentation_url":"https://docs.github.com/rest/actions/secrets#get-a-repository-public-key"}
[info] 
[info] 
[error] !  The provided authorization cannot be used with this repository. If this repository is in an organization, did you remember to grant access? 
[info] 
[info] i  Action required: Visit this URL to ensure access has been granted to the appropriate organization(s) for the Firebase CLI GitHub OAuth App: 
[info] https://github.com/settings/connections/applications/89cf50f02ac6aaed3484
[info] 
